<?xml version="1.0" encoding="UTF-8"?>
<!-- Generated by org.testng.reporters.JUnitReportReporter -->
<testsuite skipped="0" hostname="Ahmed-Maksoud" name="org.example.testRunner.runners" tests="15" failures="1" timestamp="2023-02-07T10:55:49 EET" time="352.678" errors="0">
  <testcase name="runScenario" time="30.842" classname="org.example.testRunner.runners"/>
  <system-out/>
  <testcase name="runScenario" time="16.424" classname="org.example.testRunner.runners"/>
  <system-out/>
  <testcase name="runScenario" time="24.222" classname="org.example.testRunner.runners"/>
  <system-out/>
  <testcase name="runScenario" time="21.457" classname="org.example.testRunner.runners"/>
  <system-out/>
  <testcase name="runScenario" time="21.761" classname="org.example.testRunner.runners"/>
  <system-out/>
  <testcase name="runScenario" time="26.827" classname="org.example.testRunner.runners"/>
  <system-out/>
  <testcase name="runScenario" time="17.267" classname="org.example.testRunner.runners">
    <failure type="java.lang.AssertionError" message="The following asserts failed:
	Error Message: Search for book failed expected [true] but found [false],
	Error Message: Search for book failed expected [true] but found [false]">
      <![CDATA[java.lang.AssertionError: The following asserts failed:
Error Message: Search for book failed expected [true] but found [false],
Error Message: Search for book failed expected [true] but found [false]
at org.testng.asserts.SoftAssert.assertAll(SoftAssert.java:46)
at org.testng.asserts.SoftAssert.assertAll(SoftAssert.java:30)
at org.example.StepDefinitions.SD04_Search.SuccessSearch(SD04_Search.java:56)
at âœ½.Website should show search results(file:///E:/Courses/Software%20Testing/Software%20Testing%20Udacity/Professional/Automation%20Project/E-Commerce/src/main/resources/features/SC04_Search.feature:7)
]]>
    </failure>
  </testcase> <!-- runScenario -->
  <system-out/>
  <testcase name="runScenario" time="23.848" classname="org.example.testRunner.runners"/>
  <system-out/>
  <testcase name="runScenario" time="17.724" classname="org.example.testRunner.runners"/>
  <system-out/>
  <testcase name="runScenario" time="39.248" classname="org.example.testRunner.runners"/>
  <system-out/>
  <testcase name="runScenario" time="22.626" classname="org.example.testRunner.runners"/>
  <system-out/>
  <testcase name="runScenario" time="17.118" classname="org.example.testRunner.runners"/>
  <system-out/>
  <testcase name="runScenario" time="41.536" classname="org.example.testRunner.runners"/>
  <system-out/>
  <testcase name="runScenario" time="18.596" classname="org.example.testRunner.runners"/>
  <system-out/>
  <testcase name="runScenario" time="13.182" classname="org.example.testRunner.runners"/>
  <system-out/>
</testsuite> <!-- org.example.testRunner.runners -->
